[debug] [2021-11-09T01:43:58.952Z] ----------------------------------------------------------------------
[debug] [2021-11-09T01:43:58.953Z] Command:       C:\Program Files\nodejs\node.exe C:\Users\Sophia\AppData\Roaming\npm\node_modules\firebase-tools\lib\bin\firebase.js init
[debug] [2021-11-09T01:43:58.953Z] CLI Version:   9.22.0
[debug] [2021-11-09T01:43:58.953Z] Platform:      win32
[debug] [2021-11-09T01:43:58.953Z] Node Version:  v16.13.0
[debug] [2021-11-09T01:43:58.954Z] Time:          Mon Nov 08 2021 22:43:58 GMT-0300 (hora estándar de Argentina)
[debug] [2021-11-09T01:43:58.954Z] ----------------------------------------------------------------------
[debug] 
[debug] [2021-11-09T01:43:58.959Z] > command requires scopes: ["email","openid","https://www.googleapis.com/auth/cloudplatformprojects.readonly","https://www.googleapis.com/auth/firebase","https://www.googleapis.com/auth/cloud-platform"]
[debug] [2021-11-09T01:43:58.959Z] > authorizing via signed-in user (sophiabg386@gmail.com)
[info] 
     ######## #### ########  ######## ########     ###     ######  ########
     ##        ##  ##     ## ##       ##     ##  ##   ##  ##       ##
     ######    ##  ########  ######   ########  #########  ######  ######
     ##        ##  ##    ##  ##       ##     ## ##     ##       ## ##
     ##       #### ##     ## ######## ########  ##     ##  ######  ########

You're about to initialize a Firebase project in this directory:

  C:\Users\Sophia\Desktop\coviarg ConstructoraSRL

[info] 
=== Project Setup
[info] 
[info] First, let's associate this project directory with a Firebase project.
[info] You can create multiple project aliases by running firebase use --add, 
[info] but for now we'll just set up a default project.
[info] 
[debug] [2021-11-09T01:45:42.808Z] >>> [apiv2][query] GET https://firebase.googleapis.com/v1beta1/projects pageSize=100
[debug] [2021-11-09T01:45:44.070Z] <<< [apiv2][status] GET https://firebase.googleapis.com/v1beta1/projects 200
[debug] [2021-11-09T01:45:44.070Z] <<< [apiv2][body] GET https://firebase.googleapis.com/v1beta1/projects [omitted]
[info] i  Using project coviarg-86113 (Coviarg) 
[info] 
=== Hosting Setup
[info] 
[info] Your public directory is the folder (relative to your project directory) that
[info] will contain Hosting assets to be uploaded with firebase deploy. If you
[info] have a build process for your assets, use your build's output directory.
[info] 
[info] +  Wrote public/404.html 
[debug] [2021-11-09T01:46:42.841Z] >>> [apiv2][query] GET https://www.gstatic.com/firebasejs/releases.json [none]
[debug] [2021-11-09T01:46:42.926Z] <<< [apiv2][status] GET https://www.gstatic.com/firebasejs/releases.json 200
[debug] [2021-11-09T01:46:42.926Z] <<< [apiv2][body] GET https://www.gstatic.com/firebasejs/releases.json {"current":{"version":"9.4.0","browserURL":"https://www.gstatic.com/firebasejs/9.4.0/firebase.js","packageURL":"https://www.gstatic.com/firebasejs/9.4.0/firebase.tgz"},"live":{"version":"9.4","browserURL":"https://www.gstatic.com/firebasejs/live/9.4/firebase.js","packageURL":"https://www.gstatic.com/firebasejs/live/9.4/firebase.tgz"},"components":{"analytics":"https://www.gstatic.com/firebasejs/9.4.0/firebase-analytics.js","app":"https://www.gstatic.com/firebasejs/9.4.0/firebase-app.js","app-check":"https://www.gstatic.com/firebasejs/9.4.0/firebase-app-check.js","auth":"https://www.gstatic.com/firebasejs/9.4.0/firebase-auth.js","auth/cordova":"https://www.gstatic.com/firebasejs/9.4.0/firebase-auth/cordova.js","auth/react-native":"https://www.gstatic.com/firebasejs/9.4.0/firebase-auth/react-native.js","functions":"https://www.gstatic.com/firebasejs/9.4.0/firebase-functions.js","firestore":"https://www.gstatic.com/firebasejs/9.4.0/firebase-firestore.js","firestore/lite":"https://www.gstatic.com/firebasejs/9.4.0/firebase-firestore/lite.js","storage":"https://www.gstatic.com/firebasejs/9.4.0/firebase-storage.js","performance":"https://www.gstatic.com/firebasejs/9.4.0/firebase-performance.js","remote-config":"https://www.gstatic.com/firebasejs/9.4.0/firebase-remote-config.js","messaging":"https://www.gstatic.com/firebasejs/9.4.0/firebase-messaging.js","messaging/sw":"https://www.gstatic.com/firebasejs/9.4.0/firebase-messaging/sw.js","database":"https://www.gstatic.com/firebasejs/9.4.0/firebase-database.js","firestore.memory":"https://www.gstatic.com/firebasejs/9.4.0/firebase-firestore.memory.js"}}
[info] +  Wrote public/index.html 
[info] 
[info] i  Detected a .git folder at C:\Users\Sophia\Desktop\coviarg ConstructoraSRL 
[info] i  Authorizing with GitHub to upload your service account to a GitHub repository's secrets store. 
[info] 
[info] Visit this URL on this device to log in:
[info] https://github.com/login/oauth/authorize?client_id=89cf50f02ac6aaed3484&state=195941943&redirect_uri=http%3A%2F%2Flocalhost%3A9005&scope=read%3Auser%20repo%20public_repo
[info] 
[info] Waiting for authentication...
[debug] [2021-11-09T01:47:34.909Z] >>> HTTP REQUEST POST https://github.com/login/oauth/access_token  
 {"client_id":"89cf50f02ac6aaed3484","client_secret":"3330d14abc895d9a74d5f17cd7a00711fa2c5bf0","code":"1a0a16d0edc761dca4ef","redirect_uri":"http://localhost:9005","state":"195941943"}
[debug] [2021-11-09T01:47:35.296Z] <<< HTTP RESPONSE 200 {"server":"GitHub.com","date":"Tue, 09 Nov 2021 01:47:53 GMT","content-type":"application/json; charset=utf-8","transfer-encoding":"chunked","vary":"X-PJAX, X-PJAX-Container, Accept-Encoding, Accept, X-Requested-With","permissions-policy":"interest-cohort=()","etag":"W/\"be9c68f7b03ba7959995f5922f77f9b6\"","cache-control":"max-age=0, private, must-revalidate","strict-transport-security":"max-age=31536000; includeSubdomains; preload","x-frame-options":"deny","x-content-type-options":"nosniff","x-xss-protection":"0","referrer-policy":"origin-when-cross-origin, strict-origin-when-cross-origin","expect-ct":"max-age=2592000, report-uri=\"https://api.github.com/_private/browser/errors\"","content-security-policy":"default-src 'none'; base-uri 'self'; block-all-mixed-content; child-src github.com/assets-cdn/worker/ gist.github.com/assets-cdn/worker/; connect-src 'self' uploads.github.com objects-origin.githubusercontent.com www.githubstatus.com collector.githubapp.com api.github.com github-cloud.s3.amazonaws.com github-production-repository-file-5c1aeb.s3.amazonaws.com github-production-upload-manifest-file-7fdce7.s3.amazonaws.com github-production-user-asset-6210df.s3.amazonaws.com cdn.optimizely.com logx.optimizely.com/v1/events translator.github.com wss://alive.github.com; font-src github.githubassets.com; form-action 'self' github.com gist.github.com objects-origin.githubusercontent.com; frame-ancestors 'none'; frame-src render.githubusercontent.com viewscreen.githubusercontent.com notebooks.githubusercontent.com; img-src 'self' data: github.githubassets.com identicons.github.com collector.githubapp.com github-cloud.s3.amazonaws.com secured-user-images.githubusercontent.com/ *.githubusercontent.com; manifest-src 'self'; media-src github.com user-images.githubusercontent.com/; script-src github.githubassets.com; style-src 'unsafe-inline' github.githubassets.com; worker-src github.com/assets-cdn/worker/ gist.github.com/assets-cdn/worker/","x-github-request-id":"C7C8:7744:726F1:BCF35:6189D349"}
[debug] [2021-11-09T01:47:35.298Z] >>> [apiv2][query] GET https://api.github.com/user [none]
[debug] [2021-11-09T01:47:35.682Z] <<< [apiv2][status] GET https://api.github.com/user 200
[debug] [2021-11-09T01:47:35.683Z] <<< [apiv2][body] GET https://api.github.com/user {"login":"SophiaBottini","id":86694393,"node_id":"MDQ6VXNlcjg2Njk0Mzkz","avatar_url":"https://avatars.githubusercontent.com/u/86694393?v=4","gravatar_id":"","url":"https://api.github.com/users/SophiaBottini","html_url":"https://github.com/SophiaBottini","followers_url":"https://api.github.com/users/SophiaBottini/followers","following_url":"https://api.github.com/users/SophiaBottini/following{/other_user}","gists_url":"https://api.github.com/users/SophiaBottini/gists{/gist_id}","starred_url":"https://api.github.com/users/SophiaBottini/starred{/owner}{/repo}","subscriptions_url":"https://api.github.com/users/SophiaBottini/subscriptions","organizations_url":"https://api.github.com/users/SophiaBottini/orgs","repos_url":"https://api.github.com/users/SophiaBottini/repos","events_url":"https://api.github.com/users/SophiaBottini/events{/privacy}","received_events_url":"https://api.github.com/users/SophiaBottini/received_events","type":"User","site_admin":false,"name":null,"company":null,"blog":"","location":null,"email":null,"hireable":null,"bio":null,"twitter_username":null,"public_repos":6,"public_gists":0,"followers":9,"following":6,"created_at":"2021-06-29T23:59:07Z","updated_at":"2021-11-08T23:12:38Z","private_gists":0,"total_private_repos":3,"owned_private_repos":3,"disk_usage":21339,"collaborators":0,"two_factor_authentication":false,"plan":{"name":"free","space":976562499,"collaborators":0,"private_repos":10000}}
[info] 
[info] +  Success! Logged into GitHub as SophiaBottini 
[info] 
[debug] [2021-11-09T01:47:35.924Z] >>> [apiv2][query] GET https://api.github.com/repos//actions/secrets/public-key type=owner
[debug] [2021-11-09T01:47:36.242Z] <<< [apiv2][status] GET https://api.github.com/repos//actions/secrets/public-key 404
[debug] [2021-11-09T01:47:36.242Z] <<< [apiv2][body] GET https://api.github.com/repos//actions/secrets/public-key {"message":"Not Found","documentation_url":"https://docs.github.com/rest"}
[debug] [2021-11-09T01:48:08.545Z] >>> [apiv2][query] GET https://api.github.com/repos/https://github.com/login/oauth/authorize?client_id=89cf50f02ac6aaed3484&state=195941943&redirect_uri=http%3A%2F%2Flocalhost%3A9005&scope=read%3Auser%20repo%20public_repohttps://github.com/login/oauth/authorize?client_id=89cf50f02ac6aaed3484&state=195941943&redirect_uri=http%3A%2F%2Flocalhost%3A9005&scope=read%3Auser%20repo%20public_repohttps://github.com/login/oauth/authorize?client_id=89cf50f02ac6aaed3484&state=195941943&redirect_uri=http%3A%2F%2Flocalhost%3A9005&scope=read%3Auser%20repo%20public_repohttps://github.com/login/oauth/authorize?client_id=89cf50f02ac6aaed3484&state=195941943&redirect_uri=http%3A%2F%2Flocalhost%3A9005&scope=read%3Auser%20repo%20public_repoCoviargSRL/actions/secrets/public-key type=owner
[debug] [2021-11-09T01:48:08.886Z] <<< [apiv2][status] GET https://api.github.com/repos/https://github.com/login/oauth/authorize?client_id=89cf50f02ac6aaed3484&state=195941943&redirect_uri=http%3A%2F%2Flocalhost%3A9005&scope=read%3Auser%20repo%20public_repohttps://github.com/login/oauth/authorize?client_id=89cf50f02ac6aaed3484&state=195941943&redirect_uri=http%3A%2F%2Flocalhost%3A9005&scope=read%3Auser%20repo%20public_repohttps://github.com/login/oauth/authorize?client_id=89cf50f02ac6aaed3484&state=195941943&redirect_uri=http%3A%2F%2Flocalhost%3A9005&scope=read%3Auser%20repo%20public_repohttps://github.com/login/oauth/authorize?client_id=89cf50f02ac6aaed3484&state=195941943&redirect_uri=http%3A%2F%2Flocalhost%3A9005&scope=read%3Auser%20repo%20public_repoCoviargSRL/actions/secrets/public-key 404
[debug] [2021-11-09T01:48:08.886Z] <<< [apiv2][body] GET https://api.github.com/repos/https://github.com/login/oauth/authorize?client_id=89cf50f02ac6aaed3484&state=195941943&redirect_uri=http%3A%2F%2Flocalhost%3A9005&scope=read%3Auser%20repo%20public_repohttps://github.com/login/oauth/authorize?client_id=89cf50f02ac6aaed3484&state=195941943&redirect_uri=http%3A%2F%2Flocalhost%3A9005&scope=read%3Auser%20repo%20public_repohttps://github.com/login/oauth/authorize?client_id=89cf50f02ac6aaed3484&state=195941943&redirect_uri=http%3A%2F%2Flocalhost%3A9005&scope=read%3Auser%20repo%20public_repohttps://github.com/login/oauth/authorize?client_id=89cf50f02ac6aaed3484&state=195941943&redirect_uri=http%3A%2F%2Flocalhost%3A9005&scope=read%3Auser%20repo%20public_repoCoviargSRL/actions/secrets/public-key {"message":"Not Found","documentation_url":"https://docs.github.com/rest"}
[debug] [2021-11-09T01:48:19.426Z] >>> [apiv2][query] GET https://api.github.com/repos/repository/actions/secrets/public-key type=owner
[debug] [2021-11-09T01:48:19.763Z] <<< [apiv2][status] GET https://api.github.com/repos/repository/actions/secrets/public-key 404
[debug] [2021-11-09T01:48:19.763Z] <<< [apiv2][body] GET https://api.github.com/repos/repository/actions/secrets/public-key {"message":"Not Found","documentation_url":"https://docs.github.com/rest"}
[debug] [2021-11-09T01:48:21.433Z] >>> [apiv2][query] GET https://api.github.com/repos//actions/secrets/public-key type=owner
[debug] [2021-11-09T01:48:21.738Z] <<< [apiv2][status] GET https://api.github.com/repos//actions/secrets/public-key 404
[debug] [2021-11-09T01:48:21.738Z] <<< [apiv2][body] GET https://api.github.com/repos//actions/secrets/public-key {"message":"Not Found","documentation_url":"https://docs.github.com/rest"}
[debug] [2021-11-09T01:48:21.962Z] >>> [apiv2][query] GET https://api.github.com/repos//actions/secrets/public-key type=owner
[debug] [2021-11-09T01:48:22.266Z] <<< [apiv2][status] GET https://api.github.com/repos//actions/secrets/public-key 404
[debug] [2021-11-09T01:48:22.267Z] <<< [apiv2][body] GET https://api.github.com/repos//actions/secrets/public-key {"message":"Not Found","documentation_url":"https://docs.github.com/rest"}
[debug] [2021-11-09T01:48:53.667Z] >>> [apiv2][query] GET https://api.github.com/repos/user/rrepository/actions/secrets/public-key type=owner
[debug] [2021-11-09T01:48:54.025Z] <<< [apiv2][status] GET https://api.github.com/repos/user/rrepository/actions/secrets/public-key 404
[debug] [2021-11-09T01:48:54.025Z] <<< [apiv2][body] GET https://api.github.com/repos/user/rrepository/actions/secrets/public-key {"message":"Not Found","documentation_url":"https://docs.github.com/rest/reference/actions#get-a-repository-public-key"}
[debug] [2021-11-09T01:48:54.779Z] >>> [apiv2][query] GET https://api.github.com/repos//actions/secrets/public-key type=owner
[debug] [2021-11-09T01:48:55.098Z] <<< [apiv2][status] GET https://api.github.com/repos//actions/secrets/public-key 404
[debug] [2021-11-09T01:48:55.098Z] <<< [apiv2][body] GET https://api.github.com/repos//actions/secrets/public-key {"message":"Not Found","documentation_url":"https://docs.github.com/rest"}
[debug] [2021-11-09T01:48:55.227Z] >>> [apiv2][query] GET https://api.github.com/repos//actions/secrets/public-key type=owner
[debug] [2021-11-09T01:48:55.411Z] >>> [apiv2][query] GET https://api.github.com/repos//actions/secrets/public-key type=owner
[debug] [2021-11-09T01:48:55.540Z] <<< [apiv2][status] GET https://api.github.com/repos//actions/secrets/public-key 404
[debug] [2021-11-09T01:48:55.540Z] <<< [apiv2][body] GET https://api.github.com/repos//actions/secrets/public-key {"message":"Not Found","documentation_url":"https://docs.github.com/rest"}
[debug] [2021-11-09T01:48:55.571Z] >>> [apiv2][query] GET https://api.github.com/repos//actions/secrets/public-key type=owner
[debug] [2021-11-09T01:48:55.723Z] >>> [apiv2][query] GET https://api.github.com/repos//actions/secrets/public-key type=owner
[debug] [2021-11-09T01:48:55.729Z] <<< [apiv2][status] GET https://api.github.com/repos//actions/secrets/public-key 404
[debug] [2021-11-09T01:48:55.729Z] <<< [apiv2][body] GET https://api.github.com/repos//actions/secrets/public-key {"message":"Not Found","documentation_url":"https://docs.github.com/rest"}
[debug] [2021-11-09T01:48:55.875Z] >>> [apiv2][query] GET https://api.github.com/repos//actions/secrets/public-key type=owner
[debug] [2021-11-09T01:48:55.877Z] <<< [apiv2][status] GET https://api.github.com/repos//actions/secrets/public-key 404
[debug] [2021-11-09T01:48:55.877Z] <<< [apiv2][body] GET https://api.github.com/repos//actions/secrets/public-key {"message":"Not Found","documentation_url":"https://docs.github.com/rest"}
[debug] [2021-11-09T01:48:56.019Z] >>> [apiv2][query] GET https://api.github.com/repos//actions/secrets/public-key type=owner
[debug] [2021-11-09T01:48:56.026Z] <<< [apiv2][status] GET https://api.github.com/repos//actions/secrets/public-key 404
[debug] [2021-11-09T01:48:56.027Z] <<< [apiv2][body] GET https://api.github.com/repos//actions/secrets/public-key {"message":"Not Found","documentation_url":"https://docs.github.com/rest"}
[debug] [2021-11-09T01:48:56.181Z] <<< [apiv2][status] GET https://api.github.com/repos//actions/secrets/public-key 404
[debug] [2021-11-09T01:48:56.181Z] <<< [apiv2][body] GET https://api.github.com/repos//actions/secrets/public-key {"message":"Not Found","documentation_url":"https://docs.github.com/rest"}
[debug] [2021-11-09T01:48:56.194Z] >>> [apiv2][query] GET https://api.github.com/repos//actions/secrets/public-key type=owner
[debug] [2021-11-09T01:48:56.329Z] <<< [apiv2][status] GET https://api.github.com/repos//actions/secrets/public-key 404
[debug] [2021-11-09T01:48:56.329Z] <<< [apiv2][body] GET https://api.github.com/repos//actions/secrets/public-key {"message":"Not Found","documentation_url":"https://docs.github.com/rest"}
[debug] [2021-11-09T01:48:56.363Z] >>> [apiv2][query] GET https://api.github.com/repos//actions/secrets/public-key type=owner
[debug] [2021-11-09T01:48:56.507Z] <<< [apiv2][status] GET https://api.github.com/repos//actions/secrets/public-key 404
[debug] [2021-11-09T01:48:56.507Z] <<< [apiv2][body] GET https://api.github.com/repos//actions/secrets/public-key {"message":"Not Found","documentation_url":"https://docs.github.com/rest"}
[debug] [2021-11-09T01:48:56.514Z] >>> [apiv2][query] GET https://api.github.com/repos//actions/secrets/public-key type=owner
[debug] [2021-11-09T01:48:56.663Z] <<< [apiv2][status] GET https://api.github.com/repos//actions/secrets/public-key 404
[debug] [2021-11-09T01:48:56.663Z] <<< [apiv2][body] GET https://api.github.com/repos//actions/secrets/public-key {"message":"Not Found","documentation_url":"https://docs.github.com/rest"}
[debug] [2021-11-09T01:48:56.675Z] >>> [apiv2][query] GET https://api.github.com/repos//actions/secrets/public-key type=owner
[debug] [2021-11-09T01:48:56.821Z] <<< [apiv2][status] GET https://api.github.com/repos//actions/secrets/public-key 404
[debug] [2021-11-09T01:48:56.821Z] <<< [apiv2][body] GET https://api.github.com/repos//actions/secrets/public-key {"message":"Not Found","documentation_url":"https://docs.github.com/rest"}
[debug] [2021-11-09T01:48:56.835Z] >>> [apiv2][query] GET https://api.github.com/repos//actions/secrets/public-key type=owner
[debug] [2021-11-09T01:48:56.973Z] <<< [apiv2][status] GET https://api.github.com/repos//actions/secrets/public-key 404
[debug] [2021-11-09T01:48:56.973Z] <<< [apiv2][body] GET https://api.github.com/repos//actions/secrets/public-key {"message":"Not Found","documentation_url":"https://docs.github.com/rest"}
[debug] [2021-11-09T01:48:57.146Z] <<< [apiv2][status] GET https://api.github.com/repos//actions/secrets/public-key 404
[debug] [2021-11-09T01:48:57.146Z] <<< [apiv2][body] GET https://api.github.com/repos//actions/secrets/public-key {"message":"Not Found","documentation_url":"https://docs.github.com/rest"}
[debug] [2021-11-09T01:49:03.371Z] >>> [apiv2][query] GET https://api.github.com/repos/hfewiobwe/jabqb/actions/secrets/public-key type=owner
[debug] [2021-11-09T01:49:03.708Z] <<< [apiv2][status] GET https://api.github.com/repos/hfewiobwe/jabqb/actions/secrets/public-key 404
[debug] [2021-11-09T01:49:03.708Z] <<< [apiv2][body] GET https://api.github.com/repos/hfewiobwe/jabqb/actions/secrets/public-key {"message":"Not Found","documentation_url":"https://docs.github.com/rest/reference/actions#get-a-repository-public-key"}
[debug] [2021-11-09T01:49:07.547Z] >>> [apiv2][query] GET https://api.github.com/repos//actions/secrets/public-key type=owner
[debug] [2021-11-09T01:49:07.868Z] <<< [apiv2][status] GET https://api.github.com/repos//actions/secrets/public-key 404
[debug] [2021-11-09T01:49:07.868Z] <<< [apiv2][body] GET https://api.github.com/repos//actions/secrets/public-key {"message":"Not Found","documentation_url":"https://docs.github.com/rest"}
[debug] [2021-11-09T01:49:22.604Z] >>> [apiv2][query] GET https://api.github.com/repos/firebase deploy --only hosting:coviarg/actions/secrets/public-key type=owner
[debug] [2021-11-09T01:49:23.041Z] <<< [apiv2][status] GET https://api.github.com/repos/firebase deploy --only hosting:coviarg/actions/secrets/public-key 404
[debug] [2021-11-09T01:49:23.041Z] <<< [apiv2][body] GET https://api.github.com/repos/firebase deploy --only hosting:coviarg/actions/secrets/public-key {"message":"Not Found","documentation_url":"https://docs.github.com/rest"}
[debug] [2021-11-09T01:49:24.892Z] >>> [apiv2][query] GET https://api.github.com/repos/firebase deploy --only hosting:coviarg/actions/secrets/public-key type=owner
[debug] [2021-11-09T01:49:25.214Z] <<< [apiv2][status] GET https://api.github.com/repos/firebase deploy --only hosting:coviarg/actions/secrets/public-key 404
[debug] [2021-11-09T01:49:25.214Z] <<< [apiv2][body] GET https://api.github.com/repos/firebase deploy --only hosting:coviarg/actions/secrets/public-key {"message":"Not Found","documentation_url":"https://docs.github.com/rest"}
[debug] [2021-11-09T01:49:25.780Z] >>> [apiv2][query] GET https://api.github.com/repos//actions/secrets/public-key type=owner
[debug] [2021-11-09T01:49:26.084Z] >>> [apiv2][query] GET https://api.github.com/repos//actions/secrets/public-key type=owner
[debug] [2021-11-09T01:49:26.091Z] <<< [apiv2][status] GET https://api.github.com/repos//actions/secrets/public-key 404
[debug] [2021-11-09T01:49:26.091Z] <<< [apiv2][body] GET https://api.github.com/repos//actions/secrets/public-key {"message":"Not Found","documentation_url":"https://docs.github.com/rest"}
[debug] [2021-11-09T01:49:26.364Z] >>> [apiv2][query] GET https://api.github.com/repos//actions/secrets/public-key type=owner
[debug] [2021-11-09T01:49:26.402Z] <<< [apiv2][status] GET https://api.github.com/repos//actions/secrets/public-key 404
[debug] [2021-11-09T01:49:26.402Z] <<< [apiv2][body] GET https://api.github.com/repos//actions/secrets/public-key {"message":"Not Found","documentation_url":"https://docs.github.com/rest"}
[debug] [2021-11-09T01:49:26.580Z] >>> [apiv2][query] GET https://api.github.com/repos//actions/secrets/public-key type=owner
[debug] [2021-11-09T01:49:26.670Z] <<< [apiv2][status] GET https://api.github.com/repos//actions/secrets/public-key 404
[debug] [2021-11-09T01:49:26.671Z] <<< [apiv2][body] GET https://api.github.com/repos//actions/secrets/public-key {"message":"Not Found","documentation_url":"https://docs.github.com/rest"}
[debug] [2021-11-09T01:49:26.894Z] <<< [apiv2][status] GET https://api.github.com/repos//actions/secrets/public-key 404
[debug] [2021-11-09T01:49:26.895Z] <<< [apiv2][body] GET https://api.github.com/repos//actions/secrets/public-key {"message":"Not Found","documentation_url":"https://docs.github.com/rest"}
